c:\users\kromputer\documents\visual studio 2013\projects\consoleapplication1\consoleapplication1\debug\consoleapplication1.pch
c:\users\kromputer\documents\visual studio 2013\projects\consoleapplication1\consoleapplication1\debug\vc120.pdb
c:\users\kromputer\documents\visual studio 2013\projects\consoleapplication1\consoleapplication1\debug\vc120.idb
c:\users\kromputer\documents\visual studio 2013\projects\consoleapplication1\consoleapplication1\debug\stdafx.obj
c:\users\kromputer\documents\visual studio 2013\projects\consoleapplication1\consoleapplication1\debug\arrayduplicates.obj
c:\users\kromputer\documents\visual studio 2013\projects\consoleapplication1\consoleapplication1\debug\consoleapplication1.obj
c:\users\kromputer\documents\visual studio 2013\projects\consoleapplication1\consoleapplication1\debug\gui.obj
c:\users\kromputer\documents\visual studio 2013\projects\consoleapplication1\consoleapplication1\debug\knuthmorrispratt.obj
c:\users\kromputer\documents\visual studio 2013\projects\consoleapplication1\consoleapplication1\debug\mathfunctions.obj
c:\users\kromputer\documents\visual studio 2013\projects\consoleapplication1\consoleapplication1\debug\permutation.obj
c:\users\kromputer\documents\visual studio 2013\projects\consoleapplication1\consoleapplication1\debug\printmatches.obj
c:\users\kromputer\documents\visual studio 2013\projects\consoleapplication1\consoleapplication1\debug\reversesentence.obj
c:\users\kromputer\documents\visual studio 2013\projects\consoleapplication1\consoleapplication1\debug\sorts.obj
c:\users\kromputer\documents\visual studio 2013\projects\consoleapplication1\debug\consoleapplication1.ilk
c:\users\kromputer\documents\visual studio 2013\projects\consoleapplication1\debug\consoleapplication1.exe
c:\users\kromputer\documents\visual studio 2013\projects\consoleapplication1\debug\consoleapplication1.pdb
c:\users\kromputer\documents\visual studio 2013\projects\consoleapplication1\consoleapplication1\debug\consolea.b4584c42.tlog\cl.command.1.tlog
c:\users\kromputer\documents\visual studio 2013\projects\consoleapplication1\consoleapplication1\debug\consolea.b4584c42.tlog\cl.read.1.tlog
c:\users\kromputer\documents\visual studio 2013\projects\consoleapplication1\consoleapplication1\debug\consolea.b4584c42.tlog\cl.write.1.tlog
c:\users\kromputer\documents\visual studio 2013\projects\consoleapplication1\consoleapplication1\debug\consolea.b4584c42.tlog\link.command.1.tlog
c:\users\kromputer\documents\visual studio 2013\projects\consoleapplication1\consoleapplication1\debug\consolea.b4584c42.tlog\link.read.1.tlog
c:\users\kromputer\documents\visual studio 2013\projects\consoleapplication1\consoleapplication1\debug\consolea.b4584c42.tlog\link.write.1.tlog
