Build started 12/18/2014 11:58:43 AM.
     1>Project "C:\Users\Kromputer\Documents\Visual Studio 2013\Projects\ConsoleApplication1\ConsoleApplication1\ConsoleApplication1.vcxproj" on node 2 (Build target(s)).
     1>ClCompile:
         G:\Program Files (x86)\Microsoft Visual Studio 12.0\VC\bin\CL.exe /c /ZI /nologo /W3 /WX- /sdl /Od /Oy- /D WIN32 /D _DEBUG /D _CONSOLE /D _LIB /D _CRT_SECURE_NO_WARNINGS /D _UNICODE /D UNICODE /Gm /EHsc /RTC1 /MDd /GS /fp:precise /Zc:wchar_t /Zc:forScope /Yu"stdafx.h" /Fp"Debug\ConsoleApplication1.pch" /Fo"Debug\\" /Fd"Debug\vc120.pdb" /Gd /TP /analyze- /errorReport:prompt ReverseSentence.cpp
         ReverseSentence.cpp
       Link:
         G:\Program Files (x86)\Microsoft Visual Studio 12.0\VC\bin\link.exe /ERRORREPORT:PROMPT /OUT:"C:\Users\Kromputer\Documents\Visual Studio 2013\Projects\ConsoleApplication1\Debug\ConsoleApplication1.exe" /INCREMENTAL /NOLOGO kernel32.lib user32.lib gdi32.lib winspool.lib comdlg32.lib advapi32.lib shell32.lib ole32.lib oleaut32.lib uuid.lib odbc32.lib odbccp32.lib /MANIFEST /MANIFESTUAC:"level='asInvoker' uiAccess='false'" /manifest:embed /DEBUG /PDB:"C:\Users\Kromputer\Documents\Visual Studio 2013\Projects\ConsoleApplication1\Debug\ConsoleApplication1.pdb" /SUBSYSTEM:CONSOLE /TLBID:1 /DYNAMICBASE /NXCOMPAT /IMPLIB:"C:\Users\Kromputer\Documents\Visual Studio 2013\Projects\ConsoleApplication1\Debug\ConsoleApplication1.lib" /MACHINE:X86 Debug\ArrayDuplicates.obj
         Debug\ConsoleApplication1.obj
         Debug\GUI.obj
         Debug\KnuthMorrisPratt.obj
         Debug\MathFunctions.obj
         Debug\Permutation.obj
         Debug\PrintMatches.obj
         Debug\ReverseSentence.obj
         Debug\sorts.obj
         Debug\stdafx.obj
         ConsoleApplication1.vcxproj -> C:\Users\Kromputer\Documents\Visual Studio 2013\Projects\ConsoleApplication1\Debug\ConsoleApplication1.exe
     1>Done Building Project "C:\Users\Kromputer\Documents\Visual Studio 2013\Projects\ConsoleApplication1\ConsoleApplication1\ConsoleApplication1.vcxproj" (Build target(s)).

Build succeeded.

Time Elapsed 00:00:00.64
